{"name": "test_sub[s105]", "status": "failed", "statusDetails": {"message": "AssertionError: assert -2.4000000000000004 == -2.4", "trace": "self = <Advanced.test_cacl_plus.TestCaclPlus object at 0x00000000039E56A0>, frist_cla = <Calculator.cacl.Cacl object at 0x00000000039BD070>, a = 1.2, b = 3.6, c = -2.4\n\n    @pytest.mark.run(order= 2)\n    #减法测试用例-使用parametrize参数化\n    @pytest.mark.parametrize(\"a,b,c\",sub_params,ids = sub_id)\n    def test_sub(self,frist_cla,a,b,c):\n    \tsum = frist_cla.sub(a,b)\n>   \tassert sum == c\nE    assert -2.4000000000000004 == -2.4\n\nAdvanced\\test_cacl_plus.py:51: AssertionError"}, "parameters": [{"name": "a", "value": "1.2"}, {"name": "b", "value": "3.6"}, {"name": "c", "value": "-2.4"}], "start": 1612513641702, "stop": 1612513641703, "uuid": "cd027171-5c98-4b27-9934-4bbd6fee64d7", "historyId": "0a4e2c79f6048f2e8aa49ac3cd0da4af", "testCaseId": "45a4cf24ac492a5df7c6489d8cfdfbd5", "fullName": "Advanced.test_cacl_plus.TestCaclPlus#test_sub", "labels": [{"name": "tag", "value": "run(order=2)"}, {"name": "tag", "value": "@pytest.mark.usefixtures('frist_cla')"}, {"name": "parentSuite", "value": "Advanced"}, {"name": "suite", "value": "test_cacl_plus"}, {"name": "subSuite", "value": "TestCaclPlus"}, {"name": "host", "value": "admin-PC"}, {"name": "thread", "value": "392-MainThread"}, {"name": "framework", "value": "pytest"}, {"name": "language", "value": "cpython3"}, {"name": "package", "value": "Advanced.test_cacl_plus"}]}